<?xml version="1.0" encoding="UTF-8"?>
<!-- Generated by org.testng.reporters.JUnitXMLReporter -->
<testsuite ignored="0" hostname="LAPTOP-V8Q69O7J" failures="0" tests="3" name="Default test" time="31.468" errors="0" timestamp="2023-01-16T20:20:20 IST">
  <testcase classname="com.POM_ACTITIME.ACTITIME_LOGIN" name="VerifyLoginPageField" time="0.562"/>
  <testcase classname="com.POM_ACTITIME.ACTITIME_LOGIN" name="ValidateLoginPageField" time="6.488"/>
  <testcase classname="com.POM_ACTITIME.ACTITIME_LOGIN" name="VerifyDahboardField" time="0.095"/>
</testsuite> <!-- Default test -->
