<?xml version="1.0" encoding="UTF-8"?>
<!-- Generated by org.testng.reporters.JUnitXMLReporter -->
<testsuite ignored="0" hostname="LAPTOP-V8Q69O7J" failures="0" tests="9" name="/Basic_Project_Selenium_Maven/testng.xml" time="0.112" errors="0" timestamp="2023-01-03T09:36:13 IST">
  <testcase classname="org.TestNG.Simple_ANNOTATION_TestNG" name="Test1" time="0.016"/>
  <testcase classname="org.TestNG.Simple_ANNOTATION_TestNG" name="Test4" time="0.002"/>
  <testcase classname="org.TestNG.Simple_ANNOTATION_TestNG" name="Test2" time="0.002"/>
  <testcase classname="org.TestNG.Simple_ANNOTATION_TestNG" name="Test3" time="0.002"/>
  <testcase classname="org.TestNG.TestNG_RealTime_sample_Page" name="GetUrl" time="0.002"/>
  <testcase classname="org.TestNG.TestNG_RealTime_sample_Page" name="CheckLoginData" time="0.001"/>
  <testcase classname="org.TestNG.TestNG_RealTime_sample_Page" name="UplaodLoginData" time="0.001"/>
  <testcase classname="org.TestNG.TestNG_RealTime_sample_Page" name="ClickOnLogin" time="0.002"/>
  <testcase classname="org.TestNG.TestNG_RealTime_sample_Page" name="ForgotPassword" time="0.001"/>
</testsuite> <!-- /Basic_Project_Selenium_Maven/testng.xml -->
