<?xml version="1.0" encoding="UTF-8"?>
<!-- Generated by org.testng.reporters.JUnitXMLReporter -->
<testsuite ignored="0" hostname="LAPTOP-V8Q69O7J" failures="0" tests="5" name="Acti Time Test Case" time="3.874" errors="0" timestamp="2023-01-05T13:09:45 IST">
  <testcase classname="com.Assertion_call_method.ActiTime_LoginPage_test" name="LoginBTN" time="0.048"/>
  <testcase classname="com.Assertion_call_method.ActiTime_LoginPage_test" name="Logo" time="0.033"/>
  <testcase classname="com.Assertion_call_method.ActiTime_LoginPage_test" name="TitleText" time="0.025"/>
  <testcase classname="com.Assertion_call_method.ActiTime_LoginPage_test" name="getTitel" time="0.007"/>
  <testcase classname="com.Assertion_call_method.ActiTime_LoginPage_test" name="ChecBox" time="0.022"/>
</testsuite> <!-- Acti Time Test Case -->
