<?xml version="1.0" encoding="UTF-8"?>
<!-- Generated by org.testng.reporters.JUnitXMLReporter -->
<testsuite ignored="0" hostname="LAPTOP-V8Q69O7J" failures="0" tests="8" name="Data Provider Test" time="8.612" errors="0" timestamp="2023-01-06T09:36:30 IST">
  <testcase classname="com.DataproviderClass.Acti_Time_Login_Page" name="VerifyLogo" time="0.136"/>
  <testcase classname="com.DataproviderClass.Acti_Time_Login_Page" name="VerifyLogoText" time="0.055"/>
  <testcase classname="com.DataproviderClass.Acti_Time_Login_Page" name="VerifyLoginBtn" time="0.047"/>
  <testcase classname="com.DataproviderClass.Acti_Time_Login_Page" name="VerifyCheckBox" time="0.043"/>
  <testcase classname="com.DataproviderClass.Acti_Time_Login_Page" name="VerifyLoginUrl" time="0.009"/>
  <testcase classname="com.DataproviderClass.Acti_Time_Login_Page" name="VerifyLoginText" time="0.01"/>
  <testcase classname="com.DataproviderClass.Acti_Time_Login_Page" name="LoginCredential" time="0.342"/>
  <testcase classname="com.DataproviderClass.Acti_Time_Login_Page" name="LogOut" time="2.313"/>
</testsuite> <!-- Data Provider Test -->
