<?xml version="1.0" encoding="UTF-8"?>
<!-- Generated by org.testng.reporters.JUnitXMLReporter -->
<testsuite ignored="0" hostname="LAPTOP-V8Q69O7J" failures="0" tests="8" name="Grouping" time="0.111" errors="0" timestamp="2023-01-05T11:08:16 IST">
  <testcase classname="com.Grouping.Functionality" name="SetUp" time="0.018"/>
  <testcase classname="com.Grouping.Functionality" name="Login" time="0.002"/>
  <testcase classname="com.Grouping.Functionality" name="SearchBar" time="0.001"/>
  <testcase classname="com.Grouping.Functionality" name="SearchProduct" time="0.002"/>
  <testcase classname="com.Grouping.Functionality" name="GetProductDetails" time="0.003"/>
  <testcase classname="com.Grouping.Functionality" name="AddToCard" time="0.001"/>
  <testcase classname="com.Grouping.Functionality" name="Payment" time="0.002"/>
  <testcase classname="com.Grouping.Functionality" name="Logout" time="0.003"/>
</testsuite> <!-- Grouping -->
