<?xml version="1.0" encoding="UTF-8"?>
<!-- Generated by org.testng.reporters.JUnitXMLReporter -->
<testsuite ignored="0" hostname="LAPTOP-V8Q69O7J" failures="3" tests="4" name="Listeners" time="20.311" errors="0" timestamp="2023-01-06T12:08:23 IST">
  <testcase classname="com.listners_testng1.Acti_Time_Login_Listner1" name="LoginCredential1" time="3.294"/>
  <testcase classname="com.listners_testng1.Acti_Time_Login_Listner1" name="LoginCredential2" time="0.692">
    <failure type="java.lang.AssertionError" message=" URL is not matched  expected [http://localhost:90/user/submit_tt.do] but found [http://localhost:90/login.do]">
      <![CDATA[java.lang.AssertionError:  URL is not matched  expected [http://localhost:90/user/submit_tt.do] but found [http://localhost:90/login.do]
at com.listners_testng1.Acti_Time_Login_Listner1.LoginCredential2(Acti_Time_Login_Listner1.java:62)
at java.base/java.util.ArrayList.forEach(ArrayList.java:1511)
... Removed 30 stack frames]]>
    </failure>
  </testcase> <!-- LoginCredential2 -->
  <testcase classname="com.listners_testng1.Acti_Time_Login_Listner1" name="LoginCredential3" time="0.653">
    <failure type="java.lang.AssertionError" message=" URL is not matched  expected [http://localhost:90/user/submit_tt.do] but found [http://localhost:90/login.do]">
      <![CDATA[java.lang.AssertionError:  URL is not matched  expected [http://localhost:90/user/submit_tt.do] but found [http://localhost:90/login.do]
at com.listners_testng1.Acti_Time_Login_Listner1.LoginCredential3(Acti_Time_Login_Listner1.java:79)
at java.base/java.util.ArrayList.forEach(ArrayList.java:1511)
... Removed 30 stack frames]]>
    </failure>
  </testcase> <!-- LoginCredential3 -->
  <testcase classname="com.listners_testng1.Acti_Time_Login_Listner1" name="LoginCredential4" time="0.685">
    <failure type="java.lang.AssertionError" message=" URL is not matched  expected [http://localhost:90/user/submit_tt.do] but found [http://localhost:90/login.do]">
      <![CDATA[java.lang.AssertionError:  URL is not matched  expected [http://localhost:90/user/submit_tt.do] but found [http://localhost:90/login.do]
at com.listners_testng1.Acti_Time_Login_Listner1.LoginCredential4(Acti_Time_Login_Listner1.java:96)
at java.base/java.util.ArrayList.forEach(ArrayList.java:1511)
... Removed 30 stack frames]]>
    </failure>
  </testcase> <!-- LoginCredential4 -->
</testsuite> <!-- Listeners -->
