<?xml version="1.0" encoding="UTF-8"?>
<!-- Generated by org.testng.reporters.JUnitXMLReporter -->
<testsuite ignored="0" hostname="LAPTOP-V8Q69O7J" failures="3" tests="4" name="listners" time="18.743" errors="0" timestamp="2023-01-06T13:18:56 IST">
  <testcase classname="com.listners_testng.Acti_Time_Login_Listner" name="LoginCredential1" time="3.36"/>
  <testcase classname="com.listners_testng.Acti_Time_Login_Listner" name="LoginCredential2" time="0.436">
    <failure type="java.lang.AssertionError" message=" URL is not matched  expected [http://localhost:90/user/submit_tt.do] but found [http://localhost:90/login.do]">
      <![CDATA[java.lang.AssertionError:  URL is not matched  expected [http://localhost:90/user/submit_tt.do] but found [http://localhost:90/login.do]
at com.listners_testng.Acti_Time_Login_Listner.LoginCredential2(Acti_Time_Login_Listner.java:61)
at java.base/java.util.ArrayList.forEach(ArrayList.java:1511)
... Removed 30 stack frames]]>
    </failure>
  </testcase> <!-- LoginCredential2 -->
  <testcase classname="com.listners_testng.Acti_Time_Login_Listner" name="LoginCredential3" time="0.453">
    <failure type="java.lang.AssertionError" message=" URL is not matched  expected [http://localhost:90/user/submit_tt.do] but found [http://localhost:90/login.do]">
      <![CDATA[java.lang.AssertionError:  URL is not matched  expected [http://localhost:90/user/submit_tt.do] but found [http://localhost:90/login.do]
at com.listners_testng.Acti_Time_Login_Listner.LoginCredential3(Acti_Time_Login_Listner.java:78)
at java.base/java.util.ArrayList.forEach(ArrayList.java:1511)
... Removed 30 stack frames]]>
    </failure>
  </testcase> <!-- LoginCredential3 -->
  <testcase classname="com.listners_testng.Acti_Time_Login_Listner" name="LoginCredential4" time="0.491">
    <failure type="java.lang.AssertionError" message=" URL is not matched  expected [http://localhost:90/user/submit_tt.do] but found [http://localhost:90/login.do]">
      <![CDATA[java.lang.AssertionError:  URL is not matched  expected [http://localhost:90/user/submit_tt.do] but found [http://localhost:90/login.do]
at com.listners_testng.Acti_Time_Login_Listner.LoginCredential4(Acti_Time_Login_Listner.java:95)
at java.base/java.util.ArrayList.forEach(ArrayList.java:1511)
... Removed 30 stack frames]]>
    </failure>
  </testcase> <!-- LoginCredential4 -->
</testsuite> <!-- listners -->
