<?xml version="1.0" encoding="UTF-8"?>
<!-- Generated by org.testng.reporters.JUnitXMLReporter -->
<testsuite ignored="0" hostname="LAPTOP-V8Q69O7J" failures="0" tests="5" name="Parameter" time="3.501" errors="0" timestamp="2023-01-05T13:56:35 IST">
  <testcase classname="com.Parameters_pass.ActiTime_LoginPage_Parameter" name="LoginBTN" time="0.054"/>
  <testcase classname="com.Parameters_pass.ActiTime_LoginPage_Parameter" name="Logo" time="0.032"/>
  <testcase classname="com.Parameters_pass.ActiTime_LoginPage_Parameter" name="TitleText" time="0.027"/>
  <testcase classname="com.Parameters_pass.ActiTime_LoginPage_Parameter" name="getTitel" time="0.007"/>
  <testcase classname="com.Parameters_pass.ActiTime_LoginPage_Parameter" name="ChecBox" time="0.021"/>
</testsuite> <!-- Parameter -->
