<?xml version="1.0" encoding="UTF-8"?>
<!-- Generated by org.testng.reporters.JUnitXMLReporter -->
<testsuite ignored="0" hostname="LAPTOP-V8Q69O7J" failures="0" tests="3" name="Test" time="15.521" errors="0" timestamp="2023-01-16T20:24:31 IST">
  <testcase classname="com.POM_ACTITIME.ACTITIME_LOGIN" name="VerifyLoginPageField" time="0.658"/>
  <testcase classname="com.POM_ACTITIME.ACTITIME_LOGIN" name="ValidateLoginPageField" time="2.503"/>
  <testcase classname="com.POM_ACTITIME.ACTITIME_LOGIN" name="VerifyDahboardField" time="0.095"/>
</testsuite> <!-- Test -->
