<?xml version="1.0" encoding="UTF-8"?>
<!-- Generated by org.testng.reporters.JUnitXMLReporter -->
<testsuite ignored="0" hostname="LAPTOP-V8Q69O7J" failures="2" tests="2" name="Test3" time="19.866" errors="0" timestamp="2023-01-06T10:38:16 IST">
  <testcase classname="com.DataproviderClass.Acti_Time_Login_Page1" name="LoginCredential1" time="3.915">
    <failure type="java.lang.AssertionError" message=" Title is not matched  expected [actiTIME - Login] but found [actiTIME - Enter Time-Track]">
      <![CDATA[java.lang.AssertionError:  Title is not matched  expected [actiTIME - Login] but found [actiTIME - Enter Time-Track]
at com.DataproviderClass.Acti_Time_Login_Page1.LoginCredential1(Acti_Time_Login_Page1.java:39)
at java.base/java.util.ArrayList.forEach(ArrayList.java:1511)
at java.base/java.util.concurrent.FutureTask.run(FutureTask.java:264)
at java.base/java.util.concurrent.ThreadPoolExecutor.runWorker(ThreadPoolExecutor.java:1136)
at java.base/java.util.concurrent.ThreadPoolExecutor$Worker.run(ThreadPoolExecutor.java:635)
at java.base/java.lang.Thread.run(Thread.java:833)
... Removed 20 stack frames]]>
    </failure>
  </testcase> <!-- LoginCredential1 -->
  <testcase classname="com.DataproviderClass.Acti_Time_Login_Page1" name="LoginCredential2" time="0.962">
    <failure type="java.lang.AssertionError" message=" URL is not matched  expected [http://localhost:90/user/submit_tt.do] but found [http://localhost:90/login.do]">
      <![CDATA[java.lang.AssertionError:  URL is not matched  expected [http://localhost:90/user/submit_tt.do] but found [http://localhost:90/login.do]
at com.DataproviderClass.Acti_Time_Login_Page1.LoginCredential2(Acti_Time_Login_Page1.java:57)
at java.base/java.util.ArrayList.forEach(ArrayList.java:1511)
at java.base/java.util.concurrent.FutureTask.run(FutureTask.java:264)
at java.base/java.util.concurrent.ThreadPoolExecutor.runWorker(ThreadPoolExecutor.java:1136)
at java.base/java.util.concurrent.ThreadPoolExecutor$Worker.run(ThreadPoolExecutor.java:635)
at java.base/java.lang.Thread.run(Thread.java:833)
... Removed 20 stack frames]]>
    </failure>
  </testcase> <!-- LoginCredential2 -->
</testsuite> <!-- Test3 -->
