<?xml version="1.0" encoding="UTF-8"?>
<!-- Generated by org.testng.reporters.JUnitXMLReporter -->
<testsuite ignored="0" hostname="LAPTOP-V8Q69O7J" failures="0" tests="8" name="Test1" time="15.407" errors="0" timestamp="2023-01-06T10:53:20 IST">
  <testcase classname="com.DataproviderClass.Acti_Time_Login_Page" name="VerifyLogo" time="1.141"/>
  <testcase classname="com.DataproviderClass.Acti_Time_Login_Page" name="VerifyLogoText" time="1.113"/>
  <testcase classname="com.DataproviderClass.Acti_Time_Login_Page" name="VerifyLoginBtn" time="1.082"/>
  <testcase classname="com.DataproviderClass.Acti_Time_Login_Page" name="VerifyCheckBox" time="1.044"/>
  <testcase classname="com.DataproviderClass.Acti_Time_Login_Page" name="VerifyLoginUrl" time="1.029"/>
  <testcase classname="com.DataproviderClass.Acti_Time_Login_Page" name="VerifyLoginText" time="1.012"/>
  <testcase classname="com.DataproviderClass.Acti_Time_Login_Page" name="LoginCredential" time="1.292"/>
  <testcase classname="com.DataproviderClass.Acti_Time_Login_Page" name="LogOut" time="1.981"/>
</testsuite> <!-- Test1 -->
