<?xml version="1.0" encoding="UTF-8"?>
<testng-results ignored="0" total="3" passed="3" failed="0" skipped="0">
  <reporter-output>
    <line>
      <![CDATA[ LOGIN PAGE FUNCTIONALITY VERIFICATION SUCCESS ]]>
    </line>
    <line>
      <![CDATA[ LOGIN PAGE FUNCTIONALITY VALIDATION SUCCESS ]]>
    </line>
    <line>
      <![CDATA[ DASHBOARD PAGE FUNCTIONALITY VERIFICATION SUCCESS ]]>
    </line>
  </reporter-output>
  <suite started-at="2023-01-16T20:24:15 IST" name="Suite" finished-at="2023-01-16T20:24:31 IST" duration-ms="15521">
    <groups>
    </groups>
    <test started-at="2023-01-16T20:24:15 IST" name="Test" finished-at="2023-01-16T20:24:31 IST" duration-ms="15521">
      <class name="com.POM_ACTITIME.ACTITIME_LOGIN">
        <test-method is-config="true" signature="SetUp()[pri:0, instance:com.POM_ACTITIME.ACTITIME_LOGIN@42e99e4a]" started-at="2023-01-16T20:24:16 IST" name="SetUp" finished-at="2023-01-16T20:24:20 IST" duration-ms="4886" status="PASS">
          <reporter-output>
          </reporter-output>
        </test-method> <!-- SetUp -->
        <test-method signature="VerifyLoginPageField()[pri:1, instance:com.POM_ACTITIME.ACTITIME_LOGIN@42e99e4a]" started-at="2023-01-16T20:24:20 IST" name="VerifyLoginPageField" finished-at="2023-01-16T20:24:21 IST" duration-ms="658" status="PASS">
          <reporter-output>
            <line>
              <![CDATA[ LOGIN PAGE FUNCTIONALITY VERIFICATION SUCCESS ]]>
            </line>
          </reporter-output>
        </test-method> <!-- VerifyLoginPageField -->
        <test-method is-config="true" signature="TearDown()[pri:0, instance:com.POM_ACTITIME.ACTITIME_LOGIN@42e99e4a]" started-at="2023-01-16T20:24:21 IST" name="TearDown" finished-at="2023-01-16T20:24:22 IST" duration-ms="445" status="PASS">
          <reporter-output>
          </reporter-output>
        </test-method> <!-- TearDown -->
        <test-method is-config="true" signature="SetUp()[pri:0, instance:com.POM_ACTITIME.ACTITIME_LOGIN@42e99e4a]" started-at="2023-01-16T20:24:22 IST" name="SetUp" finished-at="2023-01-16T20:24:25 IST" duration-ms="3003" status="PASS">
          <reporter-output>
          </reporter-output>
        </test-method> <!-- SetUp -->
        <test-method signature="ValidateLoginPageField()[pri:2, instance:com.POM_ACTITIME.ACTITIME_LOGIN@42e99e4a]" started-at="2023-01-16T20:24:25 IST" name="ValidateLoginPageField" finished-at="2023-01-16T20:24:27 IST" duration-ms="2503" status="PASS">
          <reporter-output>
            <line>
              <![CDATA[ LOGIN PAGE FUNCTIONALITY VALIDATION SUCCESS ]]>
            </line>
          </reporter-output>
        </test-method> <!-- ValidateLoginPageField -->
        <test-method is-config="true" signature="TearDown()[pri:0, instance:com.POM_ACTITIME.ACTITIME_LOGIN@42e99e4a]" started-at="2023-01-16T20:24:27 IST" name="TearDown" finished-at="2023-01-16T20:24:27 IST" duration-ms="372" status="PASS">
          <reporter-output>
          </reporter-output>
        </test-method> <!-- TearDown -->
        <test-method is-config="true" signature="SetUp()[pri:0, instance:com.POM_ACTITIME.ACTITIME_LOGIN@42e99e4a]" started-at="2023-01-16T20:24:27 IST" name="SetUp" finished-at="2023-01-16T20:24:31 IST" duration-ms="3159" status="PASS">
          <reporter-output>
          </reporter-output>
        </test-method> <!-- SetUp -->
        <test-method signature="VerifyDahboardField()[pri:3, instance:com.POM_ACTITIME.ACTITIME_LOGIN@42e99e4a]" started-at="2023-01-16T20:24:31 IST" name="VerifyDahboardField" finished-at="2023-01-16T20:24:31 IST" duration-ms="95" status="PASS">
          <reporter-output>
            <line>
              <![CDATA[ DASHBOARD PAGE FUNCTIONALITY VERIFICATION SUCCESS ]]>
            </line>
          </reporter-output>
        </test-method> <!-- VerifyDahboardField -->
        <test-method is-config="true" signature="TearDown()[pri:0, instance:com.POM_ACTITIME.ACTITIME_LOGIN@42e99e4a]" started-at="2023-01-16T20:24:31 IST" name="TearDown" finished-at="2023-01-16T20:24:31 IST" duration-ms="326" status="PASS">
          <reporter-output>
          </reporter-output>
        </test-method> <!-- TearDown -->
      </class> <!-- com.POM_ACTITIME.ACTITIME_LOGIN -->
    </test> <!-- Test -->
  </suite> <!-- Suite -->
</testng-results>
